<?xml version="1.0" encoding="utf-8"?><testsuites name="pytest tests"><testsuite name="pytest" errors="0" failures="0" skipped="0" tests="17" time="4.407" timestamp="2026-03-10T06:03:57.933431+00:00" hostname="agent-env-9abe2f27-7635-499b-9279-1d5a7aebfbf8"><testcase classname="backend.tests.test_pharma_api.TestAuthEndpoints" name="test_login_success" time="0.544" /><testcase classname="backend.tests.test_pharma_api.TestAuthEndpoints" name="test_login_invalid_credentials" time="0.145" /><testcase classname="backend.tests.test_pharma_api.TestAuthEndpoints" name="test_get_me_with_valid_token" time="0.511" /><testcase classname="backend.tests.test_pharma_api.TestAuthEndpoints" name="test_get_me_without_token" time="0.146" /><testcase classname="backend.tests.test_pharma_api.TestReportEndpoints" name="test_list_reports" time="0.491" /><testcase classname="backend.tests.test_pharma_api.TestReportEndpoints" name="test_generate_report_accepts_request" time="0.443" /><testcase classname="backend.tests.test_pharma_api.TestReportEndpoints" name="test_compare_reports_endpoint_exists" time="0.768" /><testcase classname="backend.tests.test_pharma_api.TestQuickInsightEndpoint" name="test_quick_insight_endpoint_exists" time="0.628" /><testcase classname="backend.tests.test_pharma_api.TestUserEndpoints" name="test_list_users_admin" time="0.480" /><testcase classname="backend.tests.test_pharma_api.TestRailwayConfigFiles" name="test_procfile_exists" time="0.000" /><testcase classname="backend.tests.test_pharma_api.TestRailwayConfigFiles" name="test_runtime_txt_exists" time="0.000" /><testcase classname="backend.tests.test_pharma_api.TestRailwayConfigFiles" name="test_requirements_has_openai_not_emergent" time="0.000" /><testcase classname="backend.tests.test_pharma_api.TestAgentFilesUseOpenAI" name="test_market_research_agent_uses_openai" time="0.000" /><testcase classname="backend.tests.test_pharma_api.TestAgentFilesUseOpenAI" name="test_forecast_agent_uses_openai" time="0.000" /><testcase classname="backend.tests.test_pharma_api.TestAgentFilesUseOpenAI" name="test_strategy_agent_uses_openai" time="0.000" /><testcase classname="backend.tests.test_pharma_api.TestAgentFilesUseOpenAI" name="test_quick_insight_agent_uses_openai" time="0.000" /><testcase classname="backend.tests.test_pharma_api.TestFrontendAPIConfig" name="test_api_js_uses_relative_baseurl" time="0.000" /></testsuite></testsuites>